  [1m[36m (5.4ms)[0m  [1mCREATE TABLE "schema_migrations" ("version" varchar(255) NOT NULL) [0m
  [1m[35m (1.9ms)[0m  CREATE UNIQUE INDEX "unique_schema_migrations" ON "schema_migrations" ("version")
  [1m[36mActiveRecord::SchemaMigration Load (0.1ms)[0m  [1mSELECT "schema_migrations".* FROM "schema_migrations"[0m
Migrating to CreateUsers (20140406194807)
  [1m[35m (0.1ms)[0m  begin transaction
  [1m[36m (0.3ms)[0m  [1mCREATE TABLE "users" ("id" INTEGER PRIMARY KEY AUTOINCREMENT NOT NULL, "first_name" varchar(255), "last_name" varchar(255), "email" varchar(255), "school_name" varchar(255), "password" varchar(255), "user_id" integer, "created_at" datetime, "updated_at" datetime) [0m
  [1m[35mSQL (1.2ms)[0m  INSERT INTO "schema_migrations" ("version") VALUES (?)  [["version", "20140406194807"]]
  [1m[36m (3.3ms)[0m  [1mcommit transaction[0m
Migrating to CreateCourses (20140406195501)
  [1m[35m (0.1ms)[0m  begin transaction
  [1m[36m (0.2ms)[0m  [1mCREATE TABLE "courses" ("id" INTEGER PRIMARY KEY AUTOINCREMENT NOT NULL, "course_id" integer, "class_name" varchar(255), "details" varchar(255), "teacher_name" varchar(255), "user_id" integer, "created_at" datetime, "updated_at" datetime) [0m
  [1m[35mSQL (0.2ms)[0m  INSERT INTO "schema_migrations" ("version") VALUES (?)  [["version", "20140406195501"]]
  [1m[36m (2.3ms)[0m  [1mcommit transaction[0m
Migrating to CreateAssignments (20140406195810)
  [1m[35m (0.1ms)[0m  begin transaction
  [1m[36m (0.3ms)[0m  [1mCREATE TABLE "assignments" ("id" INTEGER PRIMARY KEY AUTOINCREMENT NOT NULL, "assignment_id" integer, "assignment_name" varchar(255), "details" varchar(255), "priority" integer, "date_created" datetime, "date_due" datetime, "is_complete" boolean, "grade_received" integer, "cours_id" integer, "created_at" datetime, "updated_at" datetime) [0m
  [1m[35mSQL (0.3ms)[0m  INSERT INTO "schema_migrations" ("version") VALUES (?)  [["version", "20140406195810"]]
  [1m[36m (2.8ms)[0m  [1mcommit transaction[0m
Migrating to CreateExams (20140406195956)
  [1m[35m (0.1ms)[0m  begin transaction
  [1m[36m (0.2ms)[0m  [1mCREATE TABLE "exams" ("id" INTEGER PRIMARY KEY AUTOINCREMENT NOT NULL, "exam_id" integer, "exam_name" varchar(255), "details" varchar(255), "comments" varchar(255), "date_created" datetime, "date_of_exam" datetime, "is_complete" boolean, "grade_received" integer, "course_id" integer, "created_at" datetime, "updated_at" datetime) [0m
  [1m[35mSQL (0.2ms)[0m  INSERT INTO "schema_migrations" ("version") VALUES (?)  [["version", "20140406195956"]]
  [1m[36m (2.3ms)[0m  [1mcommit transaction[0m
  [1m[35mActiveRecord::SchemaMigration Load (0.1ms)[0m  SELECT "schema_migrations".* FROM "schema_migrations"
